{
  "RSpec": {
    "coverage": {
      "/Users/alinagoaga/Desktop/skills-workshops/week-10/GildedRose/spec/gilded_rose_spec.rb": [
        1,
        null,
        1,
        null,
        null,
        1,
        null,
        1,
        1,
        1,
        1,
        1,
        1,
        null,
        null,
        null,
        1,
        1,
        1,
        1,
        1,
        1,
        null,
        null,
        null,
        1,
        1,
        1,
        1,
        1,
        1,
        null,
        null,
        null,
        null,
        null,
        1,
        1,
        1,
        1,
        1,
        1,
        1,
        1,
        1,
        1,
        1,
        1,
        null,
        null,
        1,
        1,
        1,
        1,
        1,
        1,
        null,
        null,
        1,
        1,
        1,
        1,
        1,
        1,
        null,
        null,
        1,
        1,
        1,
        1,
        1,
        1,
        null,
        null,
        null
      ],
      "/Users/alinagoaga/Desktop/skills-workshops/week-10/GildedRose/lib/gilded_rose.rb": [
        1,
        1,
        1,
        1,
        1,
        null,
        1,
        1,
        7,
        null,
        null,
        1,
        3,
        null,
        null,
        1,
        4,
        4,
        null,
        4,
        3,
        null,
        4,
        null,
        null,
        1,
        0,
        null,
        null,
        1,
        7,
        null,
        9,
        4,
        3,
        null,
        null,
        5,
        4,
        4,
        3,
        null,
        null,
        null,
        null,
        9,
        8,
        null,
        null,
        null,
        9,
        2,
        2,
        1,
        1,
        null,
        null,
        1,
        null,
        null,
        0,
        null,
        null,
        null,
        null,
        null
      ],
      "/Users/alinagoaga/Desktop/skills-workshops/week-10/GildedRose/lib/item.rb": [
        1,
        1,
        null,
        1,
        9,
        9,
        9,
        null,
        null,
        1,
        0,
        null,
        null
      ],
      "/Users/alinagoaga/Desktop/skills-workshops/week-10/GildedRose/lib/sulfuras.rb": [
        1,
        null,
        1,
        1,
        null
      ],
      "/Users/alinagoaga/Desktop/skills-workshops/week-10/GildedRose/lib/brie.rb": [

      ],
      "/Users/alinagoaga/Desktop/skills-workshops/week-10/GildedRose/lib/ticket.rb": [

      ],
      "/Users/alinagoaga/Desktop/skills-workshops/week-10/GildedRose/lib/normal.rb": [

      ]
    },
    "timestamp": 1550181823
  }
}
