{
  "RSpec": {
    "coverage": {
      "/Users/alinagoaga/Desktop/skills-workshops/week-10/GildedRose/spec/brie_spec.rb": [
        1,
        null,
        1,
        1,
        1,
        1,
        1,
        1,
        1,
        null,
        null,
        null,
        1,
        1,
        1,
        1,
        1,
        1,
        null,
        null,
        null
      ],
      "/Users/alinagoaga/Desktop/skills-workshops/week-10/GildedRose/lib/brie.rb": [
        1,
        null,
        1,
        1,
        3,
        3,
        null,
        null,
        1,
        3,
        null,
        null,
        1,
        3,
        null,
        null
      ],
      "/Users/alinagoaga/Desktop/skills-workshops/week-10/GildedRose/lib/item.rb": [
        1,
        1,
        null,
        1,
        20,
        20,
        20,
        null,
        null,
        1,
        0,
        null,
        null
      ],
      "/Users/alinagoaga/Desktop/skills-workshops/week-10/GildedRose/spec/conjured_spec.rb": [
        1,
        null,
        1,
        1,
        1,
        1,
        1,
        1,
        1,
        1,
        null,
        null,
        null,
        1,
        1,
        1,
        1,
        1,
        1,
        null,
        null,
        null,
        null,
        1,
        1,
        1,
        1,
        1,
        1,
        null,
        null,
        null
      ],
      "/Users/alinagoaga/Desktop/skills-workshops/week-10/GildedRose/lib/conjured.rb": [
        1,
        null,
        1,
        1,
        4,
        4,
        null,
        null,
        1,
        4,
        null,
        null,
        1,
        4,
        4,
        null,
        null
      ],
      "/Users/alinagoaga/Desktop/skills-workshops/week-10/GildedRose/spec/gilded_rose_spec.rb": [
        1,
        null,
        1,
        1,
        1,
        1,
        1,
        1,
        1,
        1,
        null,
        1,
        1,
        null,
        1,
        1,
        null,
        1,
        1,
        null,
        1,
        1,
        null,
        1,
        1,
        null,
        1,
        1,
        null,
        null,
        null
      ],
      "/Users/alinagoaga/Desktop/skills-workshops/week-10/GildedRose/lib/gilded_rose.rb": [
        1,
        1,
        1,
        1,
        1,
        null,
        1,
        1,
        1,
        null,
        null,
        1,
        1,
        null,
        null
      ],
      "/Users/alinagoaga/Desktop/skills-workshops/week-10/GildedRose/lib/sulfuras.rb": [
        1,
        null,
        1,
        1,
        2,
        2,
        null,
        null,
        1,
        null,
        1,
        null
      ],
      "/Users/alinagoaga/Desktop/skills-workshops/week-10/GildedRose/lib/ticket.rb": [
        1,
        null,
        1,
        1,
        7,
        7,
        null,
        null,
        1,
        7,
        null,
        null,
        1,
        7,
        7,
        7,
        7,
        null,
        null
      ],
      "/Users/alinagoaga/Desktop/skills-workshops/week-10/GildedRose/lib/normal.rb": [
        1,
        null,
        1,
        1,
        4,
        4,
        null,
        null,
        1,
        4,
        null,
        null,
        1,
        4,
        4,
        null,
        null
      ],
      "/Users/alinagoaga/Desktop/skills-workshops/week-10/GildedRose/spec/normal_spec.rb": [
        1,
        null,
        1,
        1,
        1,
        1,
        1,
        1,
        1,
        1,
        null,
        null,
        null,
        1,
        1,
        1,
        1,
        1,
        1,
        null,
        null,
        null,
        null,
        1,
        1,
        1,
        1,
        1,
        1,
        null,
        null,
        null
      ],
      "/Users/alinagoaga/Desktop/skills-workshops/week-10/GildedRose/spec/sulfuras_spec.rb": [
        1,
        null,
        1,
        1,
        1,
        1,
        1,
        1,
        1,
        null,
        null,
        null
      ],
      "/Users/alinagoaga/Desktop/skills-workshops/week-10/GildedRose/spec/ticket_spec.rb": [
        1,
        null,
        1,
        1,
        1,
        1,
        1,
        1,
        1,
        1,
        null,
        1,
        1,
        1,
        1,
        1,
        null,
        1,
        1,
        1,
        1,
        1,
        null,
        null,
        null,
        1,
        1,
        1,
        1,
        1,
        1,
        null,
        null,
        null,
        null,
        1,
        1,
        1,
        1,
        1,
        1,
        null,
        1,
        1,
        1,
        1,
        1,
        null,
        null,
        null
      ]
    },
    "timestamp": 1550330690
  }
}
